<?xml version="1.0" encoding="UTF-8" ?>
<testsuite errors="0" failures="0" hostname="hanplusplus" name="org.mozilla.javascript.tests.GlobalParseXTest" skipped="0" tests="2" time="0.114" timestamp="2014-10-27T23:06:02">
  <properties>
    <property name="java.vendor" value="Oracle Corporation" />
    <property name="sun.java.launcher" value="SUN_STANDARD" />
    <property name="sun.management.compiler" value="HotSpot 64-Bit Tiered Compilers" />
    <property name="dist.file" value="rhino1_7R5pre.zip" />
    <property name="dist.source-only-zip" value="rhino1_7R5pre-sources.zip" />
    <property name="os.name" value="Linux" />
    <property name="sun.boot.class.path" value="/usr/lib/jvm/java-7-openjdk-amd64/jre/lib/resources.jar:/usr/lib/jvm/java-7-openjdk-amd64/jre/lib/rt.jar:/usr/lib/jvm/java-7-openjdk-amd64/jre/lib/sunrsasign.jar:/usr/lib/jvm/java-7-openjdk-amd64/jre/lib/jsse.jar:/usr/lib/jvm/java-7-openjdk-amd64/jre/lib/jce.jar:/usr/lib/jvm/java-7-openjdk-amd64/jre/lib/charsets.jar:/usr/lib/jvm/java-7-openjdk-amd64/jre/lib/rhino.jar:/usr/lib/jvm/java-7-openjdk-amd64/jre/lib/jfr.jar:/usr/lib/jvm/java-7-openjdk-amd64/jre/classes" />
    <property name="TODAY" value="October 27 2014" />
    <property name="sun.desktop" value="gnome" />
    <property name="java.vm.specification.vendor" value="Oracle Corporation" />
    <property name="ant.file.testsrc" value="/home/hanplusplus/Coding/Java/rhino/testsrc/build.xml" />
    <property name="ant.home" value="/usr/share/ant" />
    <property name="java.runtime.version" value="1.7.0_65-b32" />
    <property name="xmlbeans" value="." />
    <property name="coverage.classes.dir" value="/home/hanplusplus/Coding/Java/rhino/build/coverage/classes" />
    <property name="user.name" value="hanplusplus" />
    <property name="debug" value="on" />
    <property name="build.dir" value="build" />
    <property name="user.language" value="en" />
    <property name="test.output" value="build/test/output" />
    <property name="sun.boot.library.path" value="/usr/lib/jvm/java-7-openjdk-amd64/jre/lib/amd64" />
    <property name="ant.project.default-target" value="help" />
    <property name="test.emma.url" value="http://repo1.maven.org/maven2/emma/emma/2.1.5320/emma-2.1.5320.jar" />
    <property name="ant.project.name" value="testsrc" />
    <property name="DSTAMP" value="20141027" />
    <property name="java.version" value="1.7.0_65" />
    <property name="classes" value="build/classes" />
    <property name="version" value="1_7R5pre" />
    <property name="user.timezone" value="America/Los_Angeles" />
    <property name="sun.arch.data.model" value="64" />
    <property name="emma.coverage.out.file" value="/home/hanplusplus/Coding/Java/rhino/build/coverage/coverage" />
    <property name="java.endorsed.dirs" value="/usr/lib/jvm/java-7-openjdk-amd64/jre/lib/endorsed" />
    <property name="test.emma_ant.url" value="http://repo1.maven.org/maven2/emma/emma_ant/2.1.5320/emma_ant-2.1.5320.jar" />
    <property name="sun.cpu.isalist" value="" />
    <property name="sun.jnu.encoding" value="UTF-8" />
    <property name="file.encoding.pkg" value="sun.io" />
    <property name="coverage.instrumentationfile" value="/home/hanplusplus/Coding/Java/rhino/build/coverage/instrumentation" />
    <property name="dist.name" value="rhino1_7R5pre" />
    <property name="file.separator" value="/" />
    <property name="test.library.dir" value="/home/hanplusplus/Coding/Java/rhino/build/tests" />
    <property name="java.specification.name" value="Java Platform API Specification" />
    <property name="xmlimplsrc-build-file" value="/home/hanplusplus/Coding/Java/rhino/xmlimplsrc/build.xml" />
    <property name="java.class.version" value="51.0" />
    <property name="user.country" value="US" />
    <property name="mozilla.js.tests.timeout" value="60000" />
    <property name="java.home" value="/usr/lib/jvm/java-7-openjdk-amd64/jre" />
    <property name="dist.dir" value="build/rhino1_7R5pre" />
    <property name="java.vm.info" value="mixed mode" />
    <property name="ant.file" value="/home/hanplusplus/Coding/Java/rhino/testsrc/build.xml" />
    <property name="os.version" value="3.13.0-37-generic" />
    <property name="source-level" value="1.5" />
    <property name="path.separator" value=":" />
    <property name="java.vm.version" value="24.65-b04" />
    <property name="test.junit.url" value="http://repo1.maven.org/maven2/junit/junit/4.10/junit-4.10.jar" />
    <property name="implementation.version" value="Rhino 1.7 release 5 PRERELEASE 2014 10 27" />
    <property name="ant.library.dir" value="/usr/share/ant/lib" />
    <property name="test.jstests.jar" value="/home/hanplusplus/Coding/Java/rhino/build/tests/src/jstests.jar" />
    <property name="java.awt.printerjob" value="sun.print.PSPrinterJob" />
    <property name="ant.file.type.Rhino" value="file" />
    <property name="sun.io.unicode.encoding" value="UnicodeLittle" />
    <property name="test.classes" value="build/test/classes" />
    <property name="awt.toolkit" value="sun.awt.X11.XToolkit" />
    <property name="ant.file.Rhino" value="/home/hanplusplus/Coding/Java/rhino/build.xml" />
    <property name="coverage.dir" value="/home/hanplusplus/Coding/Java/rhino/build/coverage" />
    <property name="user.home" value="/home/hanplusplus" />
    <property name="java.specification.vendor" value="Oracle Corporation" />
    <property name="java.library.path" value="/usr/java/packages/lib/amd64:/usr/lib/x86_64-linux-gnu/jni:/lib/x86_64-linux-gnu:/usr/lib/x86_64-linux-gnu:/usr/lib/jni:/lib:/usr/lib" />
    <property name="name" value="rhino" />
    <property name="java.vendor.url" value="http://java.oracle.com/" />
    <property name="target-jvm" value="1.5" />
    <property name="mozilla.js.tests" value="/home/hanplusplus/Coding/Java/rhino/build/tests" />
    <property name="java.vm.vendor" value="Oracle Corporation" />
    <property name="rhino-14.jar" value="js-14.jar" />
    <property name="java.runtime.name" value="OpenJDK Runtime Environment" />
    <property name="ant.version" value="Apache Ant(TM) version 1.9.3 compiled on April 8 2014" />
    <property name="java.class.path" value="/home/hanplusplus/Coding/Java/rhino/lib/xbean.jar:/home/hanplusplus/Coding/Java/rhino/lib/jsr173_1.0_api.jar:/home/hanplusplus/Coding/Java/rhino/build/coverage/classes:/home/hanplusplus/Coding/Java/rhino/build/classes:/home/hanplusplus/Coding/Java/rhino/build/test/classes:/home/hanplusplus/Coding/Java/rhino/lib/emma.jar:/home/hanplusplus/Coding/Java/rhino/lib/junit.jar:/home/hanplusplus/Coding/Java/rhino/build/tests/src/jstests.jar:/usr/share/java/ant-launcher-1.9.3.jar:/usr/share/ant/lib/ant.jar:/usr/share/ant/lib/ant-junit.jar:/usr/share/ant/lib/ant-junit4.jar" />
    <property name="sun.java.command" value="org.apache.tools.ant.taskdefs.optional.junit.JUnitTestRunner testsfile=/home/hanplusplus/Coding/Java/rhino/junittestcases5064708559730755118.properties skipNonTests=false filtertrace=true haltOnError=false haltOnFailure=false formatter=org.apache.tools.ant.taskdefs.optional.junit.SummaryJUnitResultFormatter showoutput=true outputtoformatters=true logfailedtests=true logtestlistenerevents=false formatter=org.apache.tools.ant.taskdefs.optional.junit.XMLJUnitResultFormatter,/home/hanplusplus/Coding/Java/rhino/build/test/IGNORETHIS.xml crashfile=/home/hanplusplus/Coding/Java/rhino/junitvmwatcher3129968041114612067.properties propsfile=/home/hanplusplus/Coding/Java/rhino/junit2885693431881918649.properties" />
    <property name="small-rhino-14.jar" value="smalljs-14.jar" />
    <property name="TSTAMP" value="1605" />
    <property name="test.vm.mx" value="256m" />
    <property name="java.vm.specification.name" value="Java Virtual Machine Specification" />
    <property name="ant.file.type" value="file" />
    <property name="java.vm.specification.version" value="1.7" />
    <property name="sun.cpu.endian" value="little" />
    <property name="sun.os.patch.level" value="unknown" />
    <property name="java.awt.headless" value="true" />
    <property name="java.io.tmpdir" value="/tmp" />
    <property name="implementation.date" value="2014 10 27" />
    <property name="java.vendor.url.bug" value="http://bugreport.sun.com/bugreport/" />
    <property name="ant.file.type.testsrc" value="file" />
    <property name="Name" value="Rhino" />
    <property name="apiClasses" value="src/org/mozilla/javascript/Callable.java,src/org/mozilla/javascript/ClassCache.java,src/org/mozilla/javascript/ClassShutter.java,src/org/mozilla/javascript/CompilerEnvirons.java,src/org/mozilla/javascript/ContinuationPending.java,src/org/mozilla/javascript/Context.java,src/org/mozilla/javascript/ContextAction.java,src/org/mozilla/javascript/ContextFactory.java,src/org/mozilla/javascript/GeneratedClassLoader.java,src/org/mozilla/javascript/EcmaError.java,src/org/mozilla/javascript/ErrorReporter.java,src/org/mozilla/javascript/EvaluatorException.java,src/org/mozilla/javascript/Function.java,src/org/mozilla/javascript/FunctionObject.java,src/org/mozilla/javascript/GeneratedClassLoader.java,src/org/mozilla/javascript/ImporterTopLevel.java,src/org/mozilla/javascript/JavaScriptException.java,src/org/mozilla/javascript/RefCallable.java,src/org/mozilla/javascript/RhinoException.java,src/org/mozilla/javascript/Script.java,src/org/mozilla/javascript/Scriptable.java,src/org/mozilla/javascript/ScriptableObject.java,src/org/mozilla/javascript/SecurityController.java,src/org/mozilla/javascript/WrapFactory.java,src/org/mozilla/javascript/WrappedException.java,src/org/mozilla/javascript/Wrapper.java,src/org/mozilla/javascript/Synchronizer.java,src/org/mozilla/javascript/optimizer/ClassCompiler.java,src/org/mozilla/javascript/debug/DebuggableScript.java,src/org/mozilla/javascript/serialize/ScriptableInputStream.java,src/org/mozilla/javascript/serialize/ScriptableOutputStream.java" />
    <property name="small-rhino.jar" value="smalljs.jar" />
    <property name="os.arch" value="amd64" />
    <property name="java.awt.graphicsenv" value="sun.awt.X11GraphicsEnvironment" />
    <property name="java.ext.dirs" value="/usr/lib/jvm/java-7-openjdk-amd64/jre/lib/ext:/usr/java/packages/lib/ext" />
    <property name="user.dir" value="/home/hanplusplus/Coding/Java/rhino" />
    <property name="line.separator" value="&#xa;" />
    <property name="java.vm.name" value="OpenJDK 64-Bit Server VM" />
    <property name="xmlimplsrc-present?" value="true" />
    <property name="basedir" value="/home/hanplusplus/Coding/Java/rhino" />
    <property name="jar-compression" value="true" />
    <property name="coverage.outfile" value="/home/hanplusplus/Coding/Java/rhino/build/coverage/coverage" />
    <property name="ant.java.version" value="1.7" />
    <property name="jsr173.jar" value="./lib/jsr173_1.0_api.jar" />
    <property name="ant.core.lib" value="/usr/share/ant/lib/ant.jar" />
    <property name="xbean.jar" value="./lib/xbean.jar" />
    <property name="test.timeout" value="60000" />
    <property name="file.encoding" value="UTF-8" />
    <property name="java.specification.version" value="1.7" />
    <property name="ant.project.invoked-targets" value="junit-coveragereport" />
    <property name="rhino.jar" value="js.jar" />
  </properties>
  <testcase classname="org.mozilla.javascript.tests.GlobalParseXTest" name="testParseFloatTrailingNoise" time="0.064" />
  <testcase classname="org.mozilla.javascript.tests.GlobalParseXTest" name="testParseFloatAndIntWhiteSpaces" time="0.047" />
  <system-out><![CDATA[]]></system-out>
  <system-err><![CDATA[]]></system-err>
</testsuite>
